{"C:\\Users\\Marcelo\\Desktop\\PWEB\\delivery-tracker\\delivery-tracker\\src\\services\\AuthService.js": {"path":"C:\\Users\\Marcelo\\Desktop\\PWEB\\delivery-tracker\\delivery-tracker\\src\\services\\AuthService.js","statementMap":{"0":{"start":{"line":6,"column":8},"end":{"line":6,"column":53}},"1":{"start":{"line":10,"column":33},"end":{"line":10,"column":90}},"2":{"start":{"line":11,"column":8},"end":{"line":15,"column":9}},"3":{"start":{"line":12,"column":25},"end":{"line":12,"column":57}},"4":{"start":{"line":13,"column":12},"end":{"line":13,"column":30}},"5":{"start":{"line":14,"column":12},"end":{"line":14,"column":23}},"6":{"start":{"line":17,"column":26},"end":{"line":17,"column":60}},"7":{"start":{"line":19,"column":28},"end":{"line":24,"column":10}},"8":{"start":{"line":26,"column":46},"end":{"line":26,"column":57}},"9":{"start":{"line":27,"column":8},"end":{"line":27,"column":31}},"10":{"start":{"line":31,"column":24},"end":{"line":31,"column":75}},"11":{"start":{"line":33,"column":8},"end":{"line":37,"column":9}},"12":{"start":{"line":34,"column":25},"end":{"line":34,"column":59}},"13":{"start":{"line":35,"column":12},"end":{"line":35,"column":30}},"14":{"start":{"line":36,"column":12},"end":{"line":36,"column":23}},"15":{"start":{"line":39,"column":24},"end":{"line":44,"column":9}},"16":{"start":{"line":46,"column":22},"end":{"line":48,"column":10}},"17":{"start":{"line":50,"column":8},"end":{"line":50,"column":43}}},"fnMap":{"0":{"name":"(anonymous_0)","decl":{"start":{"line":5,"column":4},"end":{"line":5,"column":5}},"loc":{"start":{"line":5,"column":36},"end":{"line":7,"column":5}},"line":5},"1":{"name":"(anonymous_1)","decl":{"start":{"line":9,"column":4},"end":{"line":9,"column":5}},"loc":{"start":{"line":9,"column":27},"end":{"line":28,"column":5}},"line":9},"2":{"name":"(anonymous_2)","decl":{"start":{"line":30,"column":4},"end":{"line":30,"column":5}},"loc":{"start":{"line":30,"column":30},"end":{"line":51,"column":5}},"line":30}},"branchMap":{"0":{"loc":{"start":{"line":11,"column":8},"end":{"line":15,"column":9}},"type":"if","locations":[{"start":{"line":11,"column":8},"end":{"line":15,"column":9}},{"start":{},"end":{}}],"line":11},"1":{"loc":{"start":{"line":23,"column":19},"end":{"line":23,"column":44}},"type":"binary-expr","locations":[{"start":{"line":23,"column":19},"end":{"line":23,"column":30}},{"start":{"line":23,"column":34},"end":{"line":23,"column":44}}],"line":23},"2":{"loc":{"start":{"line":33,"column":8},"end":{"line":37,"column":9}},"type":"if","locations":[{"start":{"line":33,"column":8},"end":{"line":37,"column":9}},{"start":{},"end":{}}],"line":33},"3":{"loc":{"start":{"line":33,"column":12},"end":{"line":33,"column":69}},"type":"binary-expr","locations":[{"start":{"line":33,"column":12},"end":{"line":33,"column":20}},{"start":{"line":33,"column":24},"end":{"line":33,"column":69}}],"line":33}},"s":{"0":4,"1":2,"2":2,"3":1,"4":1,"5":1,"6":1,"7":1,"8":1,"9":1,"10":2,"11":2,"12":1,"13":1,"14":1,"15":1,"16":1,"17":1},"f":{"0":4,"1":2,"2":2},"b":{"0":[1,1],"1":[1,1],"2":[1,1],"3":[2,1]},"inputSourceMap":null,"_coverageSchema":"1a1c01bbd47fc00a2c39e90264f33305004495a9","hash":"ef3a1244e61c9ccea7b2dbe2a2794994b2db94c8"}
,"C:\\Users\\Marcelo\\Desktop\\PWEB\\delivery-tracker\\delivery-tracker\\src\\services\\EntregasService.js": {"path":"C:\\Users\\Marcelo\\Desktop\\PWEB\\delivery-tracker\\delivery-tracker\\src\\services\\EntregasService.js","statementMap":{"0":{"start":{"line":3,"column":8},"end":{"line":3,"column":53}},"1":{"start":{"line":4,"column":8},"end":{"line":4,"column":57}},"2":{"start":{"line":8,"column":8},"end":{"line":8,"column":66}},"3":{"start":{"line":12,"column":8},"end":{"line":12,"column":61}},"4":{"start":{"line":16,"column":8},"end":{"line":18,"column":9}},"5":{"start":{"line":17,"column":12},"end":{"line":17,"column":70}},"6":{"start":{"line":20,"column":32},"end":{"line":20,"column":75}},"7":{"start":{"line":21,"column":26},"end":{"line":27,"column":9}},"8":{"start":{"line":22,"column":12},"end":{"line":26,"column":36}},"9":{"start":{"line":29,"column":8},"end":{"line":31,"column":9}},"10":{"start":{"line":30,"column":12},"end":{"line":30,"column":66}},"11":{"start":{"line":33,"column":28},"end":{"line":39,"column":9}},"12":{"start":{"line":41,"column":8},"end":{"line":41,"column":64}},"13":{"start":{"line":45,"column":24},"end":{"line":45,"column":69}},"14":{"start":{"line":46,"column":8},"end":{"line":46,"column":65}},"15":{"start":{"line":46,"column":22},"end":{"line":46,"column":65}},"16":{"start":{"line":51,"column":8},"end":{"line":59,"column":9}},"17":{"start":{"line":52,"column":12},"end":{"line":52,"column":39}},"18":{"start":{"line":53,"column":12},"end":{"line":53,"column":65}},"19":{"start":{"line":54,"column":15},"end":{"line":59,"column":9}},"20":{"start":{"line":55,"column":12},"end":{"line":55,"column":36}},"21":{"start":{"line":56,"column":12},"end":{"line":56,"column":63}},"22":{"start":{"line":58,"column":12},"end":{"line":58,"column":78}},"23":{"start":{"line":61,"column":8},"end":{"line":64,"column":11}},"24":{"start":{"line":68,"column":24},"end":{"line":68,"column":69}},"25":{"start":{"line":69,"column":8},"end":{"line":69,"column":65}},"26":{"start":{"line":69,"column":22},"end":{"line":69,"column":65}},"27":{"start":{"line":70,"column":8},"end":{"line":72,"column":9}},"28":{"start":{"line":71,"column":12},"end":{"line":71,"column":69}},"29":{"start":{"line":74,"column":8},"end":{"line":77,"column":11}},"30":{"start":{"line":81,"column":24},"end":{"line":81,"column":69}},"31":{"start":{"line":82,"column":8},"end":{"line":82,"column":65}},"32":{"start":{"line":82,"column":22},"end":{"line":82,"column":65}},"33":{"start":{"line":83,"column":8},"end":{"line":83,"column":116}},"34":{"start":{"line":83,"column":41},"end":{"line":83,"column":116}},"35":{"start":{"line":85,"column":26},"end":{"line":85,"column":82}},"36":{"start":{"line":86,"column":8},"end":{"line":86,"column":69}},"37":{"start":{"line":86,"column":24},"end":{"line":86,"column":69}},"38":{"start":{"line":87,"column":8},"end":{"line":87,"column":80}},"39":{"start":{"line":87,"column":42},"end":{"line":87,"column":80}},"40":{"start":{"line":89,"column":8},"end":{"line":92,"column":11}}},"fnMap":{"0":{"name":"(anonymous_0)","decl":{"start":{"line":2,"column":4},"end":{"line":2,"column":5}},"loc":{"start":{"line":2,"column":58},"end":{"line":5,"column":5}},"line":2},"1":{"name":"(anonymous_1)","decl":{"start":{"line":7,"column":4},"end":{"line":7,"column":5}},"loc":{"start":{"line":7,"column":31},"end":{"line":9,"column":5}},"line":7},"2":{"name":"(anonymous_2)","decl":{"start":{"line":11,"column":4},"end":{"line":11,"column":5}},"loc":{"start":{"line":11,"column":26},"end":{"line":13,"column":5}},"line":11},"3":{"name":"(anonymous_3)","decl":{"start":{"line":15,"column":4},"end":{"line":15,"column":5}},"loc":{"start":{"line":15,"column":23},"end":{"line":42,"column":5}},"line":15},"4":{"name":"(anonymous_4)","decl":{"start":{"line":21,"column":37},"end":{"line":21,"column":38}},"loc":{"start":{"line":22,"column":12},"end":{"line":26,"column":36}},"line":22},"5":{"name":"(anonymous_5)","decl":{"start":{"line":44,"column":4},"end":{"line":44,"column":5}},"loc":{"start":{"line":44,"column":22},"end":{"line":65,"column":5}},"line":44},"6":{"name":"(anonymous_6)","decl":{"start":{"line":67,"column":4},"end":{"line":67,"column":5}},"loc":{"start":{"line":67,"column":23},"end":{"line":78,"column":5}},"line":67},"7":{"name":"(anonymous_7)","decl":{"start":{"line":80,"column":4},"end":{"line":80,"column":5}},"loc":{"start":{"line":80,"column":36},"end":{"line":93,"column":5}},"line":80}},"branchMap":{"0":{"loc":{"start":{"line":16,"column":8},"end":{"line":18,"column":9}},"type":"if","locations":[{"start":{"line":16,"column":8},"end":{"line":18,"column":9}},{"start":{},"end":{}}],"line":16},"1":{"loc":{"start":{"line":22,"column":12},"end":{"line":26,"column":36}},"type":"binary-expr","locations":[{"start":{"line":22,"column":12},"end":{"line":22,"column":43}},{"start":{"line":23,"column":12},"end":{"line":23,"column":37}},{"start":{"line":24,"column":12},"end":{"line":24,"column":39}},{"start":{"line":25,"column":12},"end":{"line":25,"column":35}},{"start":{"line":26,"column":12},"end":{"line":26,"column":36}}],"line":22},"2":{"loc":{"start":{"line":29,"column":8},"end":{"line":31,"column":9}},"type":"if","locations":[{"start":{"line":29,"column":8},"end":{"line":31,"column":9}},{"start":{},"end":{}}],"line":29},"3":{"loc":{"start":{"line":46,"column":8},"end":{"line":46,"column":65}},"type":"if","locations":[{"start":{"line":46,"column":8},"end":{"line":46,"column":65}},{"start":{},"end":{}}],"line":46},"4":{"loc":{"start":{"line":51,"column":8},"end":{"line":59,"column":9}},"type":"if","locations":[{"start":{"line":51,"column":8},"end":{"line":59,"column":9}},{"start":{"line":54,"column":15},"end":{"line":59,"column":9}}],"line":51},"5":{"loc":{"start":{"line":54,"column":15},"end":{"line":59,"column":9}},"type":"if","locations":[{"start":{"line":54,"column":15},"end":{"line":59,"column":9}},{"start":{"line":57,"column":15},"end":{"line":59,"column":9}}],"line":54},"6":{"loc":{"start":{"line":69,"column":8},"end":{"line":69,"column":65}},"type":"if","locations":[{"start":{"line":69,"column":8},"end":{"line":69,"column":65}},{"start":{},"end":{}}],"line":69},"7":{"loc":{"start":{"line":70,"column":8},"end":{"line":72,"column":9}},"type":"if","locations":[{"start":{"line":70,"column":8},"end":{"line":72,"column":9}},{"start":{},"end":{}}],"line":70},"8":{"loc":{"start":{"line":70,"column":12},"end":{"line":70,"column":75}},"type":"binary-expr","locations":[{"start":{"line":70,"column":12},"end":{"line":70,"column":41}},{"start":{"line":70,"column":45},"end":{"line":70,"column":75}}],"line":70},"9":{"loc":{"start":{"line":82,"column":8},"end":{"line":82,"column":65}},"type":"if","locations":[{"start":{"line":82,"column":8},"end":{"line":82,"column":65}},{"start":{},"end":{}}],"line":82},"10":{"loc":{"start":{"line":83,"column":8},"end":{"line":83,"column":116}},"type":"if","locations":[{"start":{"line":83,"column":8},"end":{"line":83,"column":116}},{"start":{},"end":{}}],"line":83},"11":{"loc":{"start":{"line":86,"column":8},"end":{"line":86,"column":69}},"type":"if","locations":[{"start":{"line":86,"column":8},"end":{"line":86,"column":69}},{"start":{},"end":{}}],"line":86},"12":{"loc":{"start":{"line":87,"column":8},"end":{"line":87,"column":80}},"type":"if","locations":[{"start":{"line":87,"column":8},"end":{"line":87,"column":80}},{"start":{},"end":{}}],"line":87}},"s":{"0":4,"1":4,"2":0,"3":0,"4":2,"5":1,"6":1,"7":1,"8":0,"9":1,"10":0,"11":1,"12":1,"13":2,"14":2,"15":1,"16":1,"17":1,"18":1,"19":0,"20":0,"21":0,"22":0,"23":1,"24":0,"25":0,"26":0,"27":0,"28":0,"29":0,"30":0,"31":0,"32":0,"33":0,"34":0,"35":0,"36":0,"37":0,"38":0,"39":0,"40":0},"f":{"0":4,"1":0,"2":0,"3":2,"4":0,"5":2,"6":0,"7":0},"b":{"0":[1,1],"1":[0,0,0,0,0],"2":[0,1],"3":[1,1],"4":[1,0],"5":[0,0],"6":[0,0],"7":[0,0],"8":[0,0],"9":[0,0],"10":[0,0],"11":[0,0],"12":[0,0]},"inputSourceMap":null,"_coverageSchema":"1a1c01bbd47fc00a2c39e90264f33305004495a9","hash":"30180e598ae797171b4f46c2350cc9fdc4226582"}
}
