TN:
SF:src\services\AuthService.js
FN:5,(anonymous_0)
FN:9,(anonymous_1)
FN:30,(anonymous_2)
FNF:3
FNH:3
FNDA:4,(anonymous_0)
FNDA:2,(anonymous_1)
FNDA:2,(anonymous_2)
DA:6,4
DA:10,2
DA:11,2
DA:12,1
DA:13,1
DA:14,1
DA:17,1
DA:19,1
DA:26,1
DA:27,1
DA:31,2
DA:33,2
DA:34,1
DA:35,1
DA:36,1
DA:39,1
DA:46,1
DA:50,1
LF:18
LH:18
BRDA:11,0,0,1
BRDA:11,0,1,1
BRDA:23,1,0,1
BRDA:23,1,1,1
BRDA:33,2,0,1
BRDA:33,2,1,1
BRDA:33,3,0,2
BRDA:33,3,1,1
BRF:8
BRH:8
end_of_record
TN:
SF:src\services\EntregasService.js
FN:2,(anonymous_0)
FN:7,(anonymous_1)
FN:11,(anonymous_2)
FN:15,(anonymous_3)
FN:21,(anonymous_4)
FN:44,(anonymous_5)
FN:67,(anonymous_6)
FN:80,(anonymous_7)
FNF:8
FNH:3
FNDA:4,(anonymous_0)
FNDA:0,(anonymous_1)
FNDA:0,(anonymous_2)
FNDA:2,(anonymous_3)
FNDA:0,(anonymous_4)
FNDA:2,(anonymous_5)
FNDA:0,(anonymous_6)
FNDA:0,(anonymous_7)
DA:3,4
DA:4,4
DA:8,0
DA:12,0
DA:16,2
DA:17,1
DA:20,1
DA:21,1
DA:22,0
DA:29,1
DA:30,0
DA:33,1
DA:41,1
DA:45,2
DA:46,2
DA:51,1
DA:52,1
DA:53,1
DA:54,0
DA:55,0
DA:56,0
DA:58,0
DA:61,1
DA:68,0
DA:69,0
DA:70,0
DA:71,0
DA:74,0
DA:81,0
DA:82,0
DA:83,0
DA:85,0
DA:86,0
DA:87,0
DA:89,0
LF:35
LH:15
BRDA:16,0,0,1
BRDA:16,0,1,1
BRDA:22,1,0,0
BRDA:22,1,1,0
BRDA:22,1,2,0
BRDA:22,1,3,0
BRDA:22,1,4,0
BRDA:29,2,0,0
BRDA:29,2,1,1
BRDA:46,3,0,1
BRDA:46,3,1,1
BRDA:51,4,0,1
BRDA:51,4,1,0
BRDA:54,5,0,0
BRDA:54,5,1,0
BRDA:69,6,0,0
BRDA:69,6,1,0
BRDA:70,7,0,0
BRDA:70,7,1,0
BRDA:70,8,0,0
BRDA:70,8,1,0
BRDA:82,9,0,0
BRDA:82,9,1,0
BRDA:83,10,0,0
BRDA:83,10,1,0
BRDA:86,11,0,0
BRDA:86,11,1,0
BRDA:87,12,0,0
BRDA:87,12,1,0
BRF:29
BRH:6
end_of_record
